This file contains any messages produced by compilers while
running configure, to aid debugging if configure makes a mistake.

It was created by QSopt_ex configure 2.5.10.3, which was
generated by GNU Autoconf 2.72.  Invocation command line was

  $ ../configure

## --------- ##
## Platform. ##
## --------- ##

hostname = Mason
uname -m = x86_64
uname -r = 3.6.3-1.x86_64
uname -s = CYGWIN_NT-10.0-26100
uname -v = 2025-06-05 11:45 UTC

/usr/bin/uname -p = unknown
/bin/uname -X     = unknown

/bin/arch              = x86_64
/usr/bin/arch -k       = unknown
/usr/convex/getsysinfo = unknown
/usr/bin/hostinfo      = unknown
/bin/machine           = unknown
/usr/bin/oslevel       = unknown
/bin/universe          = unknown

PATH: /usr/local/bin/
PATH: /usr/bin/
PATH: /cygdrive/c/WINDOWS/system32/
PATH: /cygdrive/c/WINDOWS/
PATH: /cygdrive/c/WINDOWS/System32/Wbem/
PATH: /cygdrive/c/WINDOWS/System32/WindowsPowerShell/v1.0/
PATH: /cygdrive/c/WINDOWS/System32/OpenSSH/
PATH: /cygdrive/c/Program Files/dotnet/
PATH: /cygdrive/c/Program Files/Git/cmd/
PATH: /cygdrive/c/Users/mason/.elan/bin/
PATH: /cygdrive/c/Users/mason/AppData/Local/Microsoft/WindowsApps/
PATH: /cygdrive/c/Users/mason/Downloads/ffmpeg/ffmpeg-2024-06-13-git-0060a368b1-full_build/bin/
PATH: /cygdrive/c/Users/mason/AppData/Local/Google/Cloud SDK/google-cloud-sdk/bin/
PATH: /cygdrive/c/Users/mason/AppData/Local/Muse Hub/lib/
PATH: /cygdrive/c/Users/mason/AppData/Local/Programs/cursor/resources/app/bin/


## ----------- ##
## Core tests. ##
## ----------- ##

configure:2639: looking for aux files: config.guess config.sub ltmain.sh compile missing install-sh tap-driver.sh
configure:2652:  trying ../
configure:2681:   ../config.guess found
configure:2681:   ../config.sub found
configure:2681:   ../ltmain.sh found
configure:2681:   ../compile found
configure:2681:   ../missing found
configure:2663:   ../install-sh found
configure:2681:   ../tap-driver.sh found
configure:2817: checking for a BSD-compatible install
configure:2891: result: /usr/bin/install -c
configure:2902: checking whether sleep supports fractional seconds
configure:2918: result: yes
configure:2921: checking filesystem timestamp resolution
configure:3056: result: 0.01
configure:3061: checking whether build environment is sane
configure:3106: result: yes
configure:3277: checking for a race-free mkdir -p
configure:3320: result: /usr/bin/mkdir -p
configure:3327: checking for gawk
configure:3348: found /usr/bin/gawk
configure:3360: result: gawk
configure:3371: checking whether make sets $(MAKE)
configure:3395: result: yes
configure:3421: checking whether make supports nested variables
configure:3440: result: yes
configure:3454: checking xargs -n works
configure:3470: result: yes
configure:3555: checking whether UID '197610' is supported by ustar format
configure:3561: result: yes
configure:3568: checking whether GID '197610' is supported by ustar format
configure:3574: result: yes
configure:3582: checking how to create a ustar tar archive
configure:3593: tar --version
tar (GNU tar) 1.35
Packaged by Cygwin (1.35-2)
Copyright (C) 2023 Free Software Foundation, Inc.
License GPLv3+: GNU GPL version 3 or later <https://gnu.org/licenses/gpl.html>.
This is free software: you are free to change and redistribute it.
There is NO WARRANTY, to the extent permitted by law.

Written by John Gilmore and Jay Fenlason.
configure:3596: $? = 0
configure:3636: tardir=conftest.dir && eval tar --format=ustar -chf - "$tardir" >conftest.tar
configure:3639: $? = 0
configure:3643: tar -xf - <conftest.tar
configure:3646: $? = 0
configure:3648: cat conftest.dir/file
GrepMe
configure:3651: $? = 0
configure:3666: result: gnutar
configure:3711: checking whether make supports the include directive
configure:3726: make -f confmf.GNU && cat confinc.out
this is the am__doit target
configure:3729: $? = 0
configure:3748: result: yes (GNU style)
configure:3825: checking for gcc
configure:3846: found /usr/bin/gcc
configure:3858: result: gcc
configure:4217: checking for C compiler version
configure:4226: gcc --version >&5
gcc (GCC) 12.4.0
Copyright (C) 2022 Free Software Foundation, Inc.
This is free software; see the source for copying conditions.  There is NO
warranty; not even for MERCHANTABILITY or FITNESS FOR A PARTICULAR PURPOSE.

configure:4237: $? = 0
configure:4226: gcc -v >&5
Using built-in specs.
COLLECT_GCC=gcc
COLLECT_LTO_WRAPPER=/usr/lib/gcc/x86_64-pc-cygwin/12/lto-wrapper.exe
Target: x86_64-pc-cygwin
Configured with: /mnt/share/cygpkgs/gcc/gcc.x86_64/src/gcc-12.4.0/configure --srcdir=/mnt/share/cygpkgs/gcc/gcc.x86_64/src/gcc-12.4.0 --prefix=/usr --exec-prefix=/usr --localstatedir=/var --sysconfdir=/etc --docdir=/usr/share/doc/gcc --htmldir=/usr/share/doc/gcc/html -C --build=x86_64-pc-cygwin --host=x86_64-pc-cygwin --target=x86_64-pc-cygwin --without-libiconv-prefix --without-libintl-prefix --libexecdir=/usr/lib --with-gcc-major-version-only --enable-shared --enable-shared-libgcc --enable-static --enable-version-specific-runtime-libs --enable-bootstrap --enable-__cxa_atexit --enable-clocale=newlib --with-dwarf2 --with-tune=generic --enable-languages=ada,c,c++,fortran,lto,objc,obj-c++,jit --enable-graphite --enable-threads=posix --enable-libatomic --enable-libgomp --enable-libquadmath --enable-libquadmath-support --disable-libssp --enable-libada --disable-symvers --disable-multilib --with-gnu-ld --with-gnu-as --with-cloog-include=/usr/include/cloog-isl --without-libiconv-prefix --without-libintl-prefix --with-system-zlib --enable-linker-build-id --with-default-libstdcxx-abi=gcc4-compatible --enable-libstdcxx-filesystem-ts
Thread model: posix
Supported LTO compression algorithms: zlib zstd
gcc version 12.4.0 (GCC) 
configure:4237: $? = 0
configure:4226: gcc -V >&5
gcc: error: unrecognized command-line option '-V'
gcc: fatal error: no input files
compilation terminated.
configure:4237: $? = 1
configure:4226: gcc -qversion >&5
gcc: error: unrecognized command-line option '-qversion'; did you mean '--version'?
gcc: fatal error: no input files
compilation terminated.
configure:4237: $? = 1
configure:4226: gcc -version >&5
gcc: error: unrecognized command-line option '-version'
gcc: fatal error: no input files
compilation terminated.
configure:4237: $? = 1
configure:4257: checking whether the C compiler works
configure:4279: gcc    conftest.c  >&5
configure:4283: $? = 0
configure:4334: result: yes
configure:4338: checking for C compiler default output file name
configure:4340: result: a.exe
configure:4346: checking for suffix of executables
configure:4353: gcc -o conftest.exe    conftest.c  >&5
configure:4357: $? = 0
configure:4381: result: .exe
configure:4405: checking whether we are cross compiling
configure:4413: gcc -o conftest.exe    conftest.c  >&5
configure:4417: $? = 0
configure:4424: ./conftest.exe
configure:4428: $? = 0
configure:4443: result: no
configure:4449: checking for suffix of object files
configure:4472: gcc -c   conftest.c >&5
configure:4476: $? = 0
configure:4500: result: o
configure:4504: checking whether the compiler supports GNU C
configure:4524: gcc -c   conftest.c >&5
configure:4524: $? = 0
configure:4536: result: yes
configure:4547: checking whether gcc accepts -g
configure:4568: gcc -c -g  conftest.c >&5
configure:4568: $? = 0
configure:4615: result: yes
configure:4635: checking for gcc option to enable C11 features
configure:4650: gcc  -c -g -O2  conftest.c >&5
configure:4650: $? = 0
configure:4669: result: none needed
configure:4793: checking whether gcc understands -c and -o together
configure:4816: gcc -c conftest.c -o conftest2.o
configure:4819: $? = 0
configure:4816: gcc -c conftest.c -o conftest2.o
configure:4819: $? = 0
configure:4835: result: yes
configure:4854: checking dependency style of gcc
configure:4967: result: gcc3
configure:4987: checking for stdio.h
configure:4987: gcc -c -g -O2  conftest.c >&5
configure:4987: $? = 0
configure:4987: result: yes
configure:4987: checking for stdlib.h
configure:4987: gcc -c -g -O2  conftest.c >&5
configure:4987: $? = 0
configure:4987: result: yes
configure:4987: checking for string.h
configure:4987: gcc -c -g -O2  conftest.c >&5
configure:4987: $? = 0
configure:4987: result: yes
configure:4987: checking for inttypes.h
configure:4987: gcc -c -g -O2  conftest.c >&5
configure:4987: $? = 0
configure:4987: result: yes
configure:4987: checking for stdint.h
configure:4987: gcc -c -g -O2  conftest.c >&5
configure:4987: $? = 0
configure:4987: result: yes
configure:4987: checking for strings.h
configure:4987: gcc -c -g -O2  conftest.c >&5
configure:4987: $? = 0
configure:4987: result: yes
configure:4987: checking for sys/stat.h
configure:4987: gcc -c -g -O2  conftest.c >&5
configure:4987: $? = 0
configure:4987: result: yes
configure:4987: checking for sys/types.h
configure:4987: gcc -c -g -O2  conftest.c >&5
configure:4987: $? = 0
configure:4987: result: yes
configure:4987: checking for unistd.h
configure:4987: gcc -c -g -O2  conftest.c >&5
configure:4987: $? = 0
configure:4987: result: yes
configure:4987: checking for wchar.h
configure:4987: gcc -c -g -O2  conftest.c >&5
configure:4987: $? = 0
configure:4987: result: yes
configure:4987: checking for minix/config.h
configure:4987: gcc -c -g -O2  conftest.c >&5
conftest.c:49:10: fatal error: minix/config.h: No such file or directory
   49 | #include <minix/config.h>
      |          ^~~~~~~~~~~~~~~~
compilation terminated.
configure:4987: $? = 1
configure: failed program was:
| /* confdefs.h */
| #define PACKAGE_NAME "QSopt_ex"
| #define PACKAGE_TARNAME "qsopt_ex"
| #define PACKAGE_VERSION "2.5.10.3"
| #define PACKAGE_STRING "QSopt_ex 2.5.10.3"
| #define PACKAGE_BUGREPORT "https://github.com/jonls/qsopt-ex/issues"
| #define PACKAGE_URL ""
| #define PACKAGE "qsopt_ex"
| #define VERSION "2.5.10.3"
| #define HAVE_STDIO_H 1
| #define HAVE_STDLIB_H 1
| #define HAVE_STRING_H 1
| #define HAVE_INTTYPES_H 1
| #define HAVE_STDINT_H 1
| #define HAVE_STRINGS_H 1
| #define HAVE_SYS_STAT_H 1
| #define HAVE_SYS_TYPES_H 1
| #define HAVE_UNISTD_H 1
| #define HAVE_WCHAR_H 1
| /* end confdefs.h.  */
| #include <stddef.h>
| #ifdef HAVE_STDIO_H
| # include <stdio.h>
| #endif
| #ifdef HAVE_STDLIB_H
| # include <stdlib.h>
| #endif
| #ifdef HAVE_STRING_H
| # include <string.h>
| #endif
| #ifdef HAVE_INTTYPES_H
| # include <inttypes.h>
| #endif
| #ifdef HAVE_STDINT_H
| # include <stdint.h>
| #endif
| #ifdef HAVE_STRINGS_H
| # include <strings.h>
| #endif
| #ifdef HAVE_SYS_TYPES_H
| # include <sys/types.h>
| #endif
| #ifdef HAVE_SYS_STAT_H
| # include <sys/stat.h>
| #endif
| #ifdef HAVE_UNISTD_H
| # include <unistd.h>
| #endif
| #include <minix/config.h>
configure:4987: result: no
configure:4987: checking for sys/time.h
configure:4987: gcc -c -g -O2  conftest.c >&5
configure:4987: $? = 0
configure:4987: result: yes
configure:5018: checking whether it is safe to define __EXTENSIONS__
configure:5037: gcc -c -g -O2  conftest.c >&5
configure:5037: $? = 0
configure:5047: result: yes
configure:5050: checking whether _XOPEN_SOURCE should be defined
configure:5072: gcc -c -g -O2  conftest.c >&5
configure:5072: $? = 0
configure:5101: result: no
configure:5235: checking for gcc
configure:5268: result: gcc
configure:5627: checking for C compiler version
configure:5636: gcc --version >&5
gcc (GCC) 12.4.0
Copyright (C) 2022 Free Software Foundation, Inc.
This is free software; see the source for copying conditions.  There is NO
warranty; not even for MERCHANTABILITY or FITNESS FOR A PARTICULAR PURPOSE.

configure:5647: $? = 0
configure:5636: gcc -v >&5
Using built-in specs.
COLLECT_GCC=gcc
COLLECT_LTO_WRAPPER=/usr/lib/gcc/x86_64-pc-cygwin/12/lto-wrapper.exe
Target: x86_64-pc-cygwin
Configured with: /mnt/share/cygpkgs/gcc/gcc.x86_64/src/gcc-12.4.0/configure --srcdir=/mnt/share/cygpkgs/gcc/gcc.x86_64/src/gcc-12.4.0 --prefix=/usr --exec-prefix=/usr --localstatedir=/var --sysconfdir=/etc --docdir=/usr/share/doc/gcc --htmldir=/usr/share/doc/gcc/html -C --build=x86_64-pc-cygwin --host=x86_64-pc-cygwin --target=x86_64-pc-cygwin --without-libiconv-prefix --without-libintl-prefix --libexecdir=/usr/lib --with-gcc-major-version-only --enable-shared --enable-shared-libgcc --enable-static --enable-version-specific-runtime-libs --enable-bootstrap --enable-__cxa_atexit --enable-clocale=newlib --with-dwarf2 --with-tune=generic --enable-languages=ada,c,c++,fortran,lto,objc,obj-c++,jit --enable-graphite --enable-threads=posix --enable-libatomic --enable-libgomp --enable-libquadmath --enable-libquadmath-support --disable-libssp --enable-libada --disable-symvers --disable-multilib --with-gnu-ld --with-gnu-as --with-cloog-include=/usr/include/cloog-isl --without-libiconv-prefix --without-libintl-prefix --with-system-zlib --enable-linker-build-id --with-default-libstdcxx-abi=gcc4-compatible --enable-libstdcxx-filesystem-ts
Thread model: posix
Supported LTO compression algorithms: zlib zstd
gcc version 12.4.0 (GCC) 
configure:5647: $? = 0
configure:5636: gcc -V >&5
gcc: error: unrecognized command-line option '-V'
gcc: fatal error: no input files
compilation terminated.
configure:5647: $? = 1
configure:5636: gcc -qversion >&5
gcc: error: unrecognized command-line option '-qversion'; did you mean '--version'?
gcc: fatal error: no input files
compilation terminated.
configure:5647: $? = 1
configure:5636: gcc -version >&5
gcc: error: unrecognized command-line option '-version'
gcc: fatal error: no input files
compilation terminated.
configure:5647: $? = 1
configure:5651: checking whether the compiler supports GNU C
configure:5683: result: yes
configure:5694: checking whether gcc accepts -g
configure:5762: result: yes
configure:5782: checking for gcc option to enable C11 features
configure:5816: result: none needed
configure:5940: checking whether gcc understands -c and -o together
configure:5982: result: yes
configure:6001: checking dependency style of gcc
configure:6114: result: gcc3
configure:6129: checking for a sed that does not truncate output
configure:6201: result: /usr/bin/sed
configure:6238: checking build system type
configure:6254: result: x86_64-pc-cygwin
configure:6274: checking host system type
configure:6289: result: x86_64-pc-cygwin
configure:6330: checking how to print strings
configure:6357: result: printf
configure:6378: checking for a sed that does not truncate output
configure:6450: result: /usr/bin/sed
configure:6468: checking for grep that handles long lines and -e
configure:6534: result: /usr/bin/grep
configure:6539: checking for egrep
configure:6609: result: /usr/bin/grep -E
configure:6616: checking for fgrep
configure:6686: result: /usr/bin/grep -F
configure:6723: checking for ld used by gcc
configure:6792: result: /usr/x86_64-pc-cygwin/bin/ld.exe
configure:6799: checking if the linker (/usr/x86_64-pc-cygwin/bin/ld.exe) is GNU ld
configure:6816: result: yes
configure:6828: checking for BSD- or MS-compatible name lister (nm)
configure:6884: result: /usr/bin/nm -B
configure:7026: checking the name lister (/usr/bin/nm -B) interface
configure:7034: gcc -c -g -O2  conftest.c >&5
configure:7037: /usr/bin/nm -B "conftest.o"
configure:7040: output
0000000000000000 b .bss
0000000000000000 d .data
0000000000000000 N .debug_abbrev
0000000000000000 N .debug_aranges
0000000000000000 N .debug_info
0000000000000000 N .debug_line
0000000000000000 N .debug_line_str
0000000000000000 r .rdata$zzz
0000000000000000 t .text
0000000000000000 B some_variable
configure:7048: result: BSD nm
configure:7051: checking whether ln -s works
configure:7055: result: yes
configure:7063: checking the maximum length of command line arguments
configure:7196: result: 8192
configure:7244: checking how to convert x86_64-pc-cygwin file names to x86_64-pc-cygwin format
configure:7286: result: func_convert_file_noop
configure:7293: checking how to convert x86_64-pc-cygwin file names to toolchain format
configure:7315: result: func_convert_file_noop
configure:7322: checking for /usr/x86_64-pc-cygwin/bin/ld.exe option to reload object files
configure:7331: result: -r
configure:7364: checking for file
configure:7385: found /usr/bin/file
configure:7398: result: file
configure:7461: checking for objdump
configure:7482: found /usr/bin/objdump
configure:7494: result: objdump
configure:7526: checking how to recognize dependent libraries
configure:7735: result: file_magic ^x86 archive import|^x86 DLL
configure:7826: checking for dlltool
configure:7847: found /usr/bin/dlltool
configure:7859: result: dlltool
configure:7892: checking how to associate runtime and link libraries
configure:7921: result: func_cygming_dll_for_implib
configure:7981: checking for ranlib
configure:8002: found /usr/bin/ranlib
configure:8014: result: ranlib
configure:8091: checking for ar
configure:8112: found /usr/bin/ar
configure:8124: result: ar
configure:8177: checking for archiver @FILE support
configure:8195: gcc -c -g -O2  conftest.c >&5
configure:8195: $? = 0
configure:8199: ar cr libconftest.a @conftest.lst >&5
configure:8202: $? = 0
configure:8207: ar cr libconftest.a @conftest.lst >&5
ar: conftest.o: No such file or directory
configure:8210: $? = 1
configure:8223: result: @
configure:8287: checking for strip
configure:8308: found /usr/bin/strip
configure:8320: result: strip
configure:8423: checking command to parse /usr/bin/nm -B output from gcc object
configure:8577: gcc -c -g -O2  conftest.c >&5
configure:8580: $? = 0
configure:8584: /usr/bin/nm -B conftest.o | /usr/bin/sed -n -e 's/^.*[	 ]\([ABCDGIRSTW][ABCDGIRSTW]*\)[	 ][	 ]*\([_A-Za-z][_A-Za-z0-9]*\)$/\1 \2 \2/p' | /usr/bin/sed '/ __gnu_lto/d' > conftest.nm
configure:8650: gcc -o conftest.exe -g -O2   conftest.c conftstm.o >&5
configure:8653: $? = 0
configure:8692: result: ok
configure:8739: checking for sysroot
configure:8773: result: no
configure:8780: checking for a working dd
configure:8825: result: /usr/bin/dd
configure:8829: checking how to truncate binary pipes
configure:8846: result: /usr/bin/dd bs=4096 count=1
configure:9186: checking for mt
configure:9222: result: no
configure:9242: checking if : is a manifest tool
configure:9249: : '-?'
configure:9258: result: no
configure:10051: checking for dlfcn.h
configure:10051: gcc -c -g -O2  conftest.c >&5
configure:10051: $? = 0
configure:10051: result: yes
configure:10354: checking for objdir
configure:10371: result: .libs
configure:10637: checking if gcc supports -fno-rtti -fno-exceptions
configure:10656: gcc -c -g -O2  -fno-rtti -fno-exceptions conftest.c >&5
cc1: warning: command-line option '-fno-rtti' is valid for C++/D/ObjC++ but not for C
configure:10660: $? = 0
configure:10674: result: no
configure:11047: checking for gcc option to produce PIC
configure:11056: result: -DDLL_EXPORT -DPIC
configure:11064: checking if gcc PIC flag -DDLL_EXPORT -DPIC works
configure:11083: gcc -c -g -O2  -DDLL_EXPORT -DPIC -DPIC conftest.c >&5
configure:11087: $? = 0
configure:11101: result: yes
configure:11130: checking if gcc static flag -static works
configure:11160: result: yes
configure:11175: checking if gcc supports -c -o file.o
configure:11197: gcc -c -g -O2  -o out/conftest2.o conftest.c >&5
configure:11201: $? = 0
configure:11224: result: yes
configure:11232: checking if gcc supports -c -o file.o
configure:11281: result: yes
configure:11314: checking whether the gcc linker (/usr/x86_64-pc-cygwin/bin/ld.exe) supports shared libraries
configure:12598: result: yes
configure:12635: checking whether -lc should be explicitly linked in
configure:12644: gcc -c -g -O2  conftest.c >&5
configure:12647: $? = 0
configure:12662: gcc -shared conftest.o  -v -o ./conftest -Wl,--enable-auto-image-base -Xlinker --out-implib -Xlinker conftest 2\>\&1 \| /usr/bin/grep  -lc  \>/dev/null 2\>\&1
configure:12665: $? = 1
configure:12680: result: yes
configure:12840: checking dynamic linker characteristics
configure:14224: result: Win32 ld.exe
configure:14346: checking how to hardcode library paths into programs
configure:14371: result: immediate
configure:14971: checking whether stripping libraries is possible
configure:14980: result: yes
configure:15022: checking if libtool supports shared libraries
configure:15024: result: yes
configure:15027: checking whether to build shared libraries
configure:15052: result: yes
configure:15055: checking whether to build static libraries
configure:15059: result: yes
configure:15145: checking for __gmpz_init in -lgmp
configure:15174: gcc -o conftest.exe -g -O2   conftest.c -lgmp   >&5
configure:15174: $? = 0
configure:15186: result: yes
configure:15203: checking for gzopen in -lz
configure:15232: gcc -o conftest.exe -g -O2   conftest.c -lz   >&5
configure:15232: $? = 0
configure:15244: result: yes
configure:15260: checking for BZ2_bzopen in -lbz2
configure:15289: gcc -o conftest.exe -g -O2   conftest.c -lbz2  -lz  >&5
configure:15289: $? = 0
configure:15301: result: yes
configure:15317: checking for library containing pow
configure:15353: gcc -o conftest.exe -g -O2   conftest.c -lbz2 -lz  >&5
conftest.c:56:6: warning: conflicting types for built-in function 'pow'; expected 'double(double,  double)' [-Wbuiltin-declaration-mismatch]
   56 | char pow (void);
      |      ^~~
conftest.c:1:1: note: 'pow' is declared in header '<math.h>'
    1 | /* confdefs.h */
configure:15353: $? = 0
configure:15375: result: none required
configure:15390: checking for pthread_mutex_lock in -lpthread
configure:15419: gcc -o conftest.exe -g -O2   conftest.c -lpthread  -lbz2 -lz  >&5
configure:15419: $? = 0
configure:15431: result: yes
configure:15446: checking for egrep
configure:15516: result: /usr/bin/grep -E
configure:15534: checking for errno.h
configure:15534: gcc -c -g -O2  conftest.c >&5
configure:15534: $? = 0
configure:15534: result: yes
configure:15540: checking for float.h
configure:15540: gcc -c -g -O2  conftest.c >&5
configure:15540: $? = 0
configure:15540: result: yes
configure:15546: checking for getopt.h
configure:15546: gcc -c -g -O2  conftest.c >&5
configure:15546: $? = 0
configure:15546: result: yes
configure:15552: checking for inttypes.h
configure:15552: result: yes
configure:15558: checking for limits.h
configure:15558: gcc -c -g -O2  conftest.c >&5
configure:15558: $? = 0
configure:15558: result: yes
configure:15564: checking for math.h
configure:15564: gcc -c -g -O2  conftest.c >&5
configure:15564: $? = 0
configure:15564: result: yes
configure:15570: checking for setjmp.h
configure:15570: gcc -c -g -O2  conftest.c >&5
configure:15570: $? = 0
configure:15570: result: yes
configure:15576: checking for signal.h
configure:15576: gcc -c -g -O2  conftest.c >&5
configure:15576: $? = 0
configure:15576: result: yes
configure:15582: checking for stdarg.h
configure:15582: gcc -c -g -O2  conftest.c >&5
configure:15582: $? = 0
configure:15582: result: yes
configure:15588: checking for stdint.h
configure:15588: result: yes
configure:15594: checking for stdio.h
configure:15594: result: yes
configure:15600: checking for string.h
configure:15600: result: yes
configure:15606: checking for sys/param.h
configure:15606: gcc -c -g -O2  conftest.c >&5
configure:15606: $? = 0
configure:15606: result: yes
configure:15612: checking for sys/resource.h
configure:15612: gcc -c -g -O2  conftest.c >&5
configure:15612: $? = 0
configure:15612: result: yes
configure:15618: checking for sys/time.h
configure:15618: result: yes
configure:15624: checking for sys/times.h
configure:15624: gcc -c -g -O2  conftest.c >&5
configure:15624: $? = 0
configure:15624: result: yes
configure:15630: checking for sys/utsname.h
configure:15630: gcc -c -g -O2  conftest.c >&5
configure:15630: $? = 0
configure:15630: result: yes
configure:15636: checking for unistd.h
configure:15636: result: yes
configure:15645: checking for an ANSI C-conforming const
configure:15712: gcc -c -g -O2  conftest.c >&5
configure:15712: $? = 0
configure:15722: result: yes
configure:15731: checking for typeof syntax and keyword spelling
configure:15763: gcc -c -g -O2  conftest.c >&5
configure:15763: $? = 0
configure:15772: result: typeof
configure:15785: checking for int16_t
configure:15785: gcc -c -g -O2  conftest.c >&5
configure:15785: $? = 0
configure:15785: gcc -c -g -O2  conftest.c >&5
conftest.c: In function 'main':
conftest.c:99:12: error: size of array 'test_array' is negative
   99 | static int test_array [1 - 2 * !((int16_t) (((((int16_t) 1 << N) << N) - 1) * 2 + 1)
      |            ^~~~~~~~~~
configure:15785: $? = 1
configure: failed program was:
| /* confdefs.h */
| #define PACKAGE_NAME "QSopt_ex"
| #define PACKAGE_TARNAME "qsopt_ex"
| #define PACKAGE_VERSION "2.5.10.3"
| #define PACKAGE_STRING "QSopt_ex 2.5.10.3"
| #define PACKAGE_BUGREPORT "https://github.com/jonls/qsopt-ex/issues"
| #define PACKAGE_URL ""
| #define PACKAGE "qsopt_ex"
| #define VERSION "2.5.10.3"
| #define HAVE_STDIO_H 1
| #define HAVE_STDLIB_H 1
| #define HAVE_STRING_H 1
| #define HAVE_INTTYPES_H 1
| #define HAVE_STDINT_H 1
| #define HAVE_STRINGS_H 1
| #define HAVE_SYS_STAT_H 1
| #define HAVE_SYS_TYPES_H 1
| #define HAVE_UNISTD_H 1
| #define HAVE_WCHAR_H 1
| #define HAVE_SYS_TIME_H 1
| #define STDC_HEADERS 1
| #define _ALL_SOURCE 1
| #define _DARWIN_C_SOURCE 1
| #define _GNU_SOURCE 1
| #define _HPUX_ALT_XOPEN_SOCKET_API 1
| #define _NETBSD_SOURCE 1
| #define _OPENBSD_SOURCE 1
| #define _POSIX_PTHREAD_SEMANTICS 1
| #define __STDC_WANT_IEC_60559_ATTRIBS_EXT__ 1
| #define __STDC_WANT_IEC_60559_BFP_EXT__ 1
| #define __STDC_WANT_IEC_60559_DFP_EXT__ 1
| #define __STDC_WANT_IEC_60559_EXT__ 1
| #define __STDC_WANT_IEC_60559_FUNCS_EXT__ 1
| #define __STDC_WANT_IEC_60559_TYPES_EXT__ 1
| #define __STDC_WANT_LIB_EXT2__ 1
| #define __STDC_WANT_MATH_SPEC_FUNCS__ 1
| #define _TANDEM_SOURCE 1
| #define __EXTENSIONS__ 1
| #define HAVE_DLFCN_H 1
| #define LT_OBJDIR ".libs/"
| #define DEBUG 1
| #define VERBOSE_LEVEL 100
| #define HAVE_LIBZ 1
| #define HAVE_LIBBZ2 1
| #define HAVE_LIBPTHREAD 1
| #define TIME_WITH_SYS_TIME 1
| #define HAVE_ERRNO_H 1
| #define HAVE_FLOAT_H 1
| #define HAVE_GETOPT_H 1
| #define HAVE_INTTYPES_H 1
| #define HAVE_LIMITS_H 1
| #define HAVE_MATH_H 1
| #define HAVE_SETJMP_H 1
| #define HAVE_SIGNAL_H 1
| #define HAVE_STDARG_H 1
| #define HAVE_STDINT_H 1
| #define HAVE_STDIO_H 1
| #define HAVE_STRING_H 1
| #define HAVE_SYS_PARAM_H 1
| #define HAVE_SYS_RESOURCE_H 1
| #define HAVE_SYS_TIME_H 1
| #define HAVE_SYS_TIMES_H 1
| #define HAVE_SYS_UTSNAME_H 1
| #define HAVE_UNISTD_H 1
| #define HAVE_TYPEOF 1
| /* end confdefs.h.  */
| #include <stddef.h>
| #ifdef HAVE_STDIO_H
| # include <stdio.h>
| #endif
| #ifdef HAVE_STDLIB_H
| # include <stdlib.h>
| #endif
| #ifdef HAVE_STRING_H
| # include <string.h>
| #endif
| #ifdef HAVE_INTTYPES_H
| # include <inttypes.h>
| #endif
| #ifdef HAVE_STDINT_H
| # include <stdint.h>
| #endif
| #ifdef HAVE_STRINGS_H
| # include <strings.h>
| #endif
| #ifdef HAVE_SYS_TYPES_H
| # include <sys/types.h>
| #endif
| #ifdef HAVE_SYS_STAT_H
| # include <sys/stat.h>
| #endif
| #ifdef HAVE_UNISTD_H
| # include <unistd.h>
| #endif
| 	        enum { N = 16 / 2 - 1 };
| int
| main (void)
| {
| static int test_array [1 - 2 * !((int16_t) (((((int16_t) 1 << N) << N) - 1) * 2 + 1)
| 		 < (int16_t) (((((int16_t) 1 << N) << N) - 1) * 2 + 2))];
| test_array [0] = 0;
| return test_array [0];
| 
|   ;
|   return 0;
| }
configure:15785: result: yes
configure:15794: checking for int32_t
configure:15794: gcc -c -g -O2  conftest.c >&5
configure:15794: $? = 0
configure:15794: gcc -c -g -O2  conftest.c >&5
conftest.c: In function 'main':
conftest.c:100:67: warning: integer overflow in expression of type 'int' results in '-2147483648' [-Woverflow]
  100 |                  < (int32_t) (((((int32_t) 1 << N) << N) - 1) * 2 + 2))];
      |                                                                   ^
conftest.c:99:12: error: storage size of 'test_array' isn't constant
   99 | static int test_array [1 - 2 * !((int32_t) (((((int32_t) 1 << N) << N) - 1) * 2 + 1)
      |            ^~~~~~~~~~
configure:15794: $? = 1
configure: failed program was:
| /* confdefs.h */
| #define PACKAGE_NAME "QSopt_ex"
| #define PACKAGE_TARNAME "qsopt_ex"
| #define PACKAGE_VERSION "2.5.10.3"
| #define PACKAGE_STRING "QSopt_ex 2.5.10.3"
| #define PACKAGE_BUGREPORT "https://github.com/jonls/qsopt-ex/issues"
| #define PACKAGE_URL ""
| #define PACKAGE "qsopt_ex"
| #define VERSION "2.5.10.3"
| #define HAVE_STDIO_H 1
| #define HAVE_STDLIB_H 1
| #define HAVE_STRING_H 1
| #define HAVE_INTTYPES_H 1
| #define HAVE_STDINT_H 1
| #define HAVE_STRINGS_H 1
| #define HAVE_SYS_STAT_H 1
| #define HAVE_SYS_TYPES_H 1
| #define HAVE_UNISTD_H 1
| #define HAVE_WCHAR_H 1
| #define HAVE_SYS_TIME_H 1
| #define STDC_HEADERS 1
| #define _ALL_SOURCE 1
| #define _DARWIN_C_SOURCE 1
| #define _GNU_SOURCE 1
| #define _HPUX_ALT_XOPEN_SOCKET_API 1
| #define _NETBSD_SOURCE 1
| #define _OPENBSD_SOURCE 1
| #define _POSIX_PTHREAD_SEMANTICS 1
| #define __STDC_WANT_IEC_60559_ATTRIBS_EXT__ 1
| #define __STDC_WANT_IEC_60559_BFP_EXT__ 1
| #define __STDC_WANT_IEC_60559_DFP_EXT__ 1
| #define __STDC_WANT_IEC_60559_EXT__ 1
| #define __STDC_WANT_IEC_60559_FUNCS_EXT__ 1
| #define __STDC_WANT_IEC_60559_TYPES_EXT__ 1
| #define __STDC_WANT_LIB_EXT2__ 1
| #define __STDC_WANT_MATH_SPEC_FUNCS__ 1
| #define _TANDEM_SOURCE 1
| #define __EXTENSIONS__ 1
| #define HAVE_DLFCN_H 1
| #define LT_OBJDIR ".libs/"
| #define DEBUG 1
| #define VERBOSE_LEVEL 100
| #define HAVE_LIBZ 1
| #define HAVE_LIBBZ2 1
| #define HAVE_LIBPTHREAD 1
| #define TIME_WITH_SYS_TIME 1
| #define HAVE_ERRNO_H 1
| #define HAVE_FLOAT_H 1
| #define HAVE_GETOPT_H 1
| #define HAVE_INTTYPES_H 1
| #define HAVE_LIMITS_H 1
| #define HAVE_MATH_H 1
| #define HAVE_SETJMP_H 1
| #define HAVE_SIGNAL_H 1
| #define HAVE_STDARG_H 1
| #define HAVE_STDINT_H 1
| #define HAVE_STDIO_H 1
| #define HAVE_STRING_H 1
| #define HAVE_SYS_PARAM_H 1
| #define HAVE_SYS_RESOURCE_H 1
| #define HAVE_SYS_TIME_H 1
| #define HAVE_SYS_TIMES_H 1
| #define HAVE_SYS_UTSNAME_H 1
| #define HAVE_UNISTD_H 1
| #define HAVE_TYPEOF 1
| /* end confdefs.h.  */
| #include <stddef.h>
| #ifdef HAVE_STDIO_H
| # include <stdio.h>
| #endif
| #ifdef HAVE_STDLIB_H
| # include <stdlib.h>
| #endif
| #ifdef HAVE_STRING_H
| # include <string.h>
| #endif
| #ifdef HAVE_INTTYPES_H
| # include <inttypes.h>
| #endif
| #ifdef HAVE_STDINT_H
| # include <stdint.h>
| #endif
| #ifdef HAVE_STRINGS_H
| # include <strings.h>
| #endif
| #ifdef HAVE_SYS_TYPES_H
| # include <sys/types.h>
| #endif
| #ifdef HAVE_SYS_STAT_H
| # include <sys/stat.h>
| #endif
| #ifdef HAVE_UNISTD_H
| # include <unistd.h>
| #endif
| 	        enum { N = 32 / 2 - 1 };
| int
| main (void)
| {
| static int test_array [1 - 2 * !((int32_t) (((((int32_t) 1 << N) << N) - 1) * 2 + 1)
| 		 < (int32_t) (((((int32_t) 1 << N) << N) - 1) * 2 + 2))];
| test_array [0] = 0;
| return test_array [0];
| 
|   ;
|   return 0;
| }
configure:15794: result: yes
configure:15803: checking for int64_t
configure:15803: gcc -c -g -O2  conftest.c >&5
configure:15803: $? = 0
configure:15803: gcc -c -g -O2  conftest.c >&5
conftest.c: In function 'main':
conftest.c:100:67: warning: integer overflow in expression of type 'long int' results in '-9223372036854775808' [-Woverflow]
  100 |                  < (int64_t) (((((int64_t) 1 << N) << N) - 1) * 2 + 2))];
      |                                                                   ^
conftest.c:99:12: error: storage size of 'test_array' isn't constant
   99 | static int test_array [1 - 2 * !((int64_t) (((((int64_t) 1 << N) << N) - 1) * 2 + 1)
      |            ^~~~~~~~~~
configure:15803: $? = 1
configure: failed program was:
| /* confdefs.h */
| #define PACKAGE_NAME "QSopt_ex"
| #define PACKAGE_TARNAME "qsopt_ex"
| #define PACKAGE_VERSION "2.5.10.3"
| #define PACKAGE_STRING "QSopt_ex 2.5.10.3"
| #define PACKAGE_BUGREPORT "https://github.com/jonls/qsopt-ex/issues"
| #define PACKAGE_URL ""
| #define PACKAGE "qsopt_ex"
| #define VERSION "2.5.10.3"
| #define HAVE_STDIO_H 1
| #define HAVE_STDLIB_H 1
| #define HAVE_STRING_H 1
| #define HAVE_INTTYPES_H 1
| #define HAVE_STDINT_H 1
| #define HAVE_STRINGS_H 1
| #define HAVE_SYS_STAT_H 1
| #define HAVE_SYS_TYPES_H 1
| #define HAVE_UNISTD_H 1
| #define HAVE_WCHAR_H 1
| #define HAVE_SYS_TIME_H 1
| #define STDC_HEADERS 1
| #define _ALL_SOURCE 1
| #define _DARWIN_C_SOURCE 1
| #define _GNU_SOURCE 1
| #define _HPUX_ALT_XOPEN_SOCKET_API 1
| #define _NETBSD_SOURCE 1
| #define _OPENBSD_SOURCE 1
| #define _POSIX_PTHREAD_SEMANTICS 1
| #define __STDC_WANT_IEC_60559_ATTRIBS_EXT__ 1
| #define __STDC_WANT_IEC_60559_BFP_EXT__ 1
| #define __STDC_WANT_IEC_60559_DFP_EXT__ 1
| #define __STDC_WANT_IEC_60559_EXT__ 1
| #define __STDC_WANT_IEC_60559_FUNCS_EXT__ 1
| #define __STDC_WANT_IEC_60559_TYPES_EXT__ 1
| #define __STDC_WANT_LIB_EXT2__ 1
| #define __STDC_WANT_MATH_SPEC_FUNCS__ 1
| #define _TANDEM_SOURCE 1
| #define __EXTENSIONS__ 1
| #define HAVE_DLFCN_H 1
| #define LT_OBJDIR ".libs/"
| #define DEBUG 1
| #define VERBOSE_LEVEL 100
| #define HAVE_LIBZ 1
| #define HAVE_LIBBZ2 1
| #define HAVE_LIBPTHREAD 1
| #define TIME_WITH_SYS_TIME 1
| #define HAVE_ERRNO_H 1
| #define HAVE_FLOAT_H 1
| #define HAVE_GETOPT_H 1
| #define HAVE_INTTYPES_H 1
| #define HAVE_LIMITS_H 1
| #define HAVE_MATH_H 1
| #define HAVE_SETJMP_H 1
| #define HAVE_SIGNAL_H 1
| #define HAVE_STDARG_H 1
| #define HAVE_STDINT_H 1
| #define HAVE_STDIO_H 1
| #define HAVE_STRING_H 1
| #define HAVE_SYS_PARAM_H 1
| #define HAVE_SYS_RESOURCE_H 1
| #define HAVE_SYS_TIME_H 1
| #define HAVE_SYS_TIMES_H 1
| #define HAVE_SYS_UTSNAME_H 1
| #define HAVE_UNISTD_H 1
| #define HAVE_TYPEOF 1
| /* end confdefs.h.  */
| #include <stddef.h>
| #ifdef HAVE_STDIO_H
| # include <stdio.h>
| #endif
| #ifdef HAVE_STDLIB_H
| # include <stdlib.h>
| #endif
| #ifdef HAVE_STRING_H
| # include <string.h>
| #endif
| #ifdef HAVE_INTTYPES_H
| # include <inttypes.h>
| #endif
| #ifdef HAVE_STDINT_H
| # include <stdint.h>
| #endif
| #ifdef HAVE_STRINGS_H
| # include <strings.h>
| #endif
| #ifdef HAVE_SYS_TYPES_H
| # include <sys/types.h>
| #endif
| #ifdef HAVE_SYS_STAT_H
| # include <sys/stat.h>
| #endif
| #ifdef HAVE_UNISTD_H
| # include <unistd.h>
| #endif
| 	        enum { N = 64 / 2 - 1 };
| int
| main (void)
| {
| static int test_array [1 - 2 * !((int64_t) (((((int64_t) 1 << N) << N) - 1) * 2 + 1)
| 		 < (int64_t) (((((int64_t) 1 << N) << N) - 1) * 2 + 2))];
| test_array [0] = 0;
| return test_array [0];
| 
|   ;
|   return 0;
| }
configure:15803: result: yes
configure:15812: checking for int8_t
configure:15812: gcc -c -g -O2  conftest.c >&5
configure:15812: $? = 0
configure:15812: gcc -c -g -O2  conftest.c >&5
conftest.c: In function 'main':
conftest.c:99:12: error: size of array 'test_array' is negative
   99 | static int test_array [1 - 2 * !((int8_t) (((((int8_t) 1 << N) << N) - 1) * 2 + 1)
      |            ^~~~~~~~~~
configure:15812: $? = 1
configure: failed program was:
| /* confdefs.h */
| #define PACKAGE_NAME "QSopt_ex"
| #define PACKAGE_TARNAME "qsopt_ex"
| #define PACKAGE_VERSION "2.5.10.3"
| #define PACKAGE_STRING "QSopt_ex 2.5.10.3"
| #define PACKAGE_BUGREPORT "https://github.com/jonls/qsopt-ex/issues"
| #define PACKAGE_URL ""
| #define PACKAGE "qsopt_ex"
| #define VERSION "2.5.10.3"
| #define HAVE_STDIO_H 1
| #define HAVE_STDLIB_H 1
| #define HAVE_STRING_H 1
| #define HAVE_INTTYPES_H 1
| #define HAVE_STDINT_H 1
| #define HAVE_STRINGS_H 1
| #define HAVE_SYS_STAT_H 1
| #define HAVE_SYS_TYPES_H 1
| #define HAVE_UNISTD_H 1
| #define HAVE_WCHAR_H 1
| #define HAVE_SYS_TIME_H 1
| #define STDC_HEADERS 1
| #define _ALL_SOURCE 1
| #define _DARWIN_C_SOURCE 1
| #define _GNU_SOURCE 1
| #define _HPUX_ALT_XOPEN_SOCKET_API 1
| #define _NETBSD_SOURCE 1
| #define _OPENBSD_SOURCE 1
| #define _POSIX_PTHREAD_SEMANTICS 1
| #define __STDC_WANT_IEC_60559_ATTRIBS_EXT__ 1
| #define __STDC_WANT_IEC_60559_BFP_EXT__ 1
| #define __STDC_WANT_IEC_60559_DFP_EXT__ 1
| #define __STDC_WANT_IEC_60559_EXT__ 1
| #define __STDC_WANT_IEC_60559_FUNCS_EXT__ 1
| #define __STDC_WANT_IEC_60559_TYPES_EXT__ 1
| #define __STDC_WANT_LIB_EXT2__ 1
| #define __STDC_WANT_MATH_SPEC_FUNCS__ 1
| #define _TANDEM_SOURCE 1
| #define __EXTENSIONS__ 1
| #define HAVE_DLFCN_H 1
| #define LT_OBJDIR ".libs/"
| #define DEBUG 1
| #define VERBOSE_LEVEL 100
| #define HAVE_LIBZ 1
| #define HAVE_LIBBZ2 1
| #define HAVE_LIBPTHREAD 1
| #define TIME_WITH_SYS_TIME 1
| #define HAVE_ERRNO_H 1
| #define HAVE_FLOAT_H 1
| #define HAVE_GETOPT_H 1
| #define HAVE_INTTYPES_H 1
| #define HAVE_LIMITS_H 1
| #define HAVE_MATH_H 1
| #define HAVE_SETJMP_H 1
| #define HAVE_SIGNAL_H 1
| #define HAVE_STDARG_H 1
| #define HAVE_STDINT_H 1
| #define HAVE_STDIO_H 1
| #define HAVE_STRING_H 1
| #define HAVE_SYS_PARAM_H 1
| #define HAVE_SYS_RESOURCE_H 1
| #define HAVE_SYS_TIME_H 1
| #define HAVE_SYS_TIMES_H 1
| #define HAVE_SYS_UTSNAME_H 1
| #define HAVE_UNISTD_H 1
| #define HAVE_TYPEOF 1
| /* end confdefs.h.  */
| #include <stddef.h>
| #ifdef HAVE_STDIO_H
| # include <stdio.h>
| #endif
| #ifdef HAVE_STDLIB_H
| # include <stdlib.h>
| #endif
| #ifdef HAVE_STRING_H
| # include <string.h>
| #endif
| #ifdef HAVE_INTTYPES_H
| # include <inttypes.h>
| #endif
| #ifdef HAVE_STDINT_H
| # include <stdint.h>
| #endif
| #ifdef HAVE_STRINGS_H
| # include <strings.h>
| #endif
| #ifdef HAVE_SYS_TYPES_H
| # include <sys/types.h>
| #endif
| #ifdef HAVE_SYS_STAT_H
| # include <sys/stat.h>
| #endif
| #ifdef HAVE_UNISTD_H
| # include <unistd.h>
| #endif
| 	        enum { N = 8 / 2 - 1 };
| int
| main (void)
| {
| static int test_array [1 - 2 * !((int8_t) (((((int8_t) 1 << N) << N) - 1) * 2 + 1)
| 		 < (int8_t) (((((int8_t) 1 << N) << N) - 1) * 2 + 2))];
| test_array [0] = 0;
| return test_array [0];
| 
|   ;
|   return 0;
| }
configure:15812: result: yes
configure:15821: checking return type of signal handlers
configure:15840: gcc -c -g -O2  conftest.c >&5
conftest.c: In function 'main':
conftest.c:73:10: error: void value not ignored as it ought to be
   73 | return *(signal (0, 0)) (0) == 1;
      |         ~^~~~~~~~~~~~~~~~~~
configure:15840: $? = 1
configure: failed program was:
| /* confdefs.h */
| #define PACKAGE_NAME "QSopt_ex"
| #define PACKAGE_TARNAME "qsopt_ex"
| #define PACKAGE_VERSION "2.5.10.3"
| #define PACKAGE_STRING "QSopt_ex 2.5.10.3"
| #define PACKAGE_BUGREPORT "https://github.com/jonls/qsopt-ex/issues"
| #define PACKAGE_URL ""
| #define PACKAGE "qsopt_ex"
| #define VERSION "2.5.10.3"
| #define HAVE_STDIO_H 1
| #define HAVE_STDLIB_H 1
| #define HAVE_STRING_H 1
| #define HAVE_INTTYPES_H 1
| #define HAVE_STDINT_H 1
| #define HAVE_STRINGS_H 1
| #define HAVE_SYS_STAT_H 1
| #define HAVE_SYS_TYPES_H 1
| #define HAVE_UNISTD_H 1
| #define HAVE_WCHAR_H 1
| #define HAVE_SYS_TIME_H 1
| #define STDC_HEADERS 1
| #define _ALL_SOURCE 1
| #define _DARWIN_C_SOURCE 1
| #define _GNU_SOURCE 1
| #define _HPUX_ALT_XOPEN_SOCKET_API 1
| #define _NETBSD_SOURCE 1
| #define _OPENBSD_SOURCE 1
| #define _POSIX_PTHREAD_SEMANTICS 1
| #define __STDC_WANT_IEC_60559_ATTRIBS_EXT__ 1
| #define __STDC_WANT_IEC_60559_BFP_EXT__ 1
| #define __STDC_WANT_IEC_60559_DFP_EXT__ 1
| #define __STDC_WANT_IEC_60559_EXT__ 1
| #define __STDC_WANT_IEC_60559_FUNCS_EXT__ 1
| #define __STDC_WANT_IEC_60559_TYPES_EXT__ 1
| #define __STDC_WANT_LIB_EXT2__ 1
| #define __STDC_WANT_MATH_SPEC_FUNCS__ 1
| #define _TANDEM_SOURCE 1
| #define __EXTENSIONS__ 1
| #define HAVE_DLFCN_H 1
| #define LT_OBJDIR ".libs/"
| #define DEBUG 1
| #define VERBOSE_LEVEL 100
| #define HAVE_LIBZ 1
| #define HAVE_LIBBZ2 1
| #define HAVE_LIBPTHREAD 1
| #define TIME_WITH_SYS_TIME 1
| #define HAVE_ERRNO_H 1
| #define HAVE_FLOAT_H 1
| #define HAVE_GETOPT_H 1
| #define HAVE_INTTYPES_H 1
| #define HAVE_LIMITS_H 1
| #define HAVE_MATH_H 1
| #define HAVE_SETJMP_H 1
| #define HAVE_SIGNAL_H 1
| #define HAVE_STDARG_H 1
| #define HAVE_STDINT_H 1
| #define HAVE_STDIO_H 1
| #define HAVE_STRING_H 1
| #define HAVE_SYS_PARAM_H 1
| #define HAVE_SYS_RESOURCE_H 1
| #define HAVE_SYS_TIME_H 1
| #define HAVE_SYS_TIMES_H 1
| #define HAVE_SYS_UTSNAME_H 1
| #define HAVE_UNISTD_H 1
| #define HAVE_TYPEOF 1
| /* end confdefs.h.  */
| #include <sys/types.h>
| #include <signal.h>
| 
| int
| main (void)
| {
| return *(signal (0, 0)) (0) == 1;
|   ;
|   return 0;
| }
configure:15850: result: void
configure:15856: checking for size_t
configure:15856: gcc -c -g -O2  conftest.c >&5
configure:15856: $? = 0
configure:15856: gcc -c -g -O2  conftest.c >&5
conftest.c: In function 'main':
conftest.c:99:21: error: expected expression before ')' token
   99 | if (sizeof ((size_t)))
      |                     ^
configure:15856: $? = 1
configure: failed program was:
| /* confdefs.h */
| #define PACKAGE_NAME "QSopt_ex"
| #define PACKAGE_TARNAME "qsopt_ex"
| #define PACKAGE_VERSION "2.5.10.3"
| #define PACKAGE_STRING "QSopt_ex 2.5.10.3"
| #define PACKAGE_BUGREPORT "https://github.com/jonls/qsopt-ex/issues"
| #define PACKAGE_URL ""
| #define PACKAGE "qsopt_ex"
| #define VERSION "2.5.10.3"
| #define HAVE_STDIO_H 1
| #define HAVE_STDLIB_H 1
| #define HAVE_STRING_H 1
| #define HAVE_INTTYPES_H 1
| #define HAVE_STDINT_H 1
| #define HAVE_STRINGS_H 1
| #define HAVE_SYS_STAT_H 1
| #define HAVE_SYS_TYPES_H 1
| #define HAVE_UNISTD_H 1
| #define HAVE_WCHAR_H 1
| #define HAVE_SYS_TIME_H 1
| #define STDC_HEADERS 1
| #define _ALL_SOURCE 1
| #define _DARWIN_C_SOURCE 1
| #define _GNU_SOURCE 1
| #define _HPUX_ALT_XOPEN_SOCKET_API 1
| #define _NETBSD_SOURCE 1
| #define _OPENBSD_SOURCE 1
| #define _POSIX_PTHREAD_SEMANTICS 1
| #define __STDC_WANT_IEC_60559_ATTRIBS_EXT__ 1
| #define __STDC_WANT_IEC_60559_BFP_EXT__ 1
| #define __STDC_WANT_IEC_60559_DFP_EXT__ 1
| #define __STDC_WANT_IEC_60559_EXT__ 1
| #define __STDC_WANT_IEC_60559_FUNCS_EXT__ 1
| #define __STDC_WANT_IEC_60559_TYPES_EXT__ 1
| #define __STDC_WANT_LIB_EXT2__ 1
| #define __STDC_WANT_MATH_SPEC_FUNCS__ 1
| #define _TANDEM_SOURCE 1
| #define __EXTENSIONS__ 1
| #define HAVE_DLFCN_H 1
| #define LT_OBJDIR ".libs/"
| #define DEBUG 1
| #define VERBOSE_LEVEL 100
| #define HAVE_LIBZ 1
| #define HAVE_LIBBZ2 1
| #define HAVE_LIBPTHREAD 1
| #define TIME_WITH_SYS_TIME 1
| #define HAVE_ERRNO_H 1
| #define HAVE_FLOAT_H 1
| #define HAVE_GETOPT_H 1
| #define HAVE_INTTYPES_H 1
| #define HAVE_LIMITS_H 1
| #define HAVE_MATH_H 1
| #define HAVE_SETJMP_H 1
| #define HAVE_SIGNAL_H 1
| #define HAVE_STDARG_H 1
| #define HAVE_STDINT_H 1
| #define HAVE_STDIO_H 1
| #define HAVE_STRING_H 1
| #define HAVE_SYS_PARAM_H 1
| #define HAVE_SYS_RESOURCE_H 1
| #define HAVE_SYS_TIME_H 1
| #define HAVE_SYS_TIMES_H 1
| #define HAVE_SYS_UTSNAME_H 1
| #define HAVE_UNISTD_H 1
| #define HAVE_TYPEOF 1
| #define RETSIGTYPE void
| /* end confdefs.h.  */
| #include <stddef.h>
| #ifdef HAVE_STDIO_H
| # include <stdio.h>
| #endif
| #ifdef HAVE_STDLIB_H
| # include <stdlib.h>
| #endif
| #ifdef HAVE_STRING_H
| # include <string.h>
| #endif
| #ifdef HAVE_INTTYPES_H
| # include <inttypes.h>
| #endif
| #ifdef HAVE_STDINT_H
| # include <stdint.h>
| #endif
| #ifdef HAVE_STRINGS_H
| # include <strings.h>
| #endif
| #ifdef HAVE_SYS_TYPES_H
| # include <sys/types.h>
| #endif
| #ifdef HAVE_SYS_STAT_H
| # include <sys/stat.h>
| #endif
| #ifdef HAVE_UNISTD_H
| # include <unistd.h>
| #endif
| int
| main (void)
| {
| if (sizeof ((size_t)))
| 	    return 0;
|   ;
|   return 0;
| }
configure:15856: result: yes
configure:15867: checking for ssize_t
configure:15867: gcc -c -g -O2  conftest.c >&5
configure:15867: $? = 0
configure:15867: gcc -c -g -O2  conftest.c >&5
conftest.c: In function 'main':
conftest.c:99:22: error: expected expression before ')' token
   99 | if (sizeof ((ssize_t)))
      |                      ^
configure:15867: $? = 1
configure: failed program was:
| /* confdefs.h */
| #define PACKAGE_NAME "QSopt_ex"
| #define PACKAGE_TARNAME "qsopt_ex"
| #define PACKAGE_VERSION "2.5.10.3"
| #define PACKAGE_STRING "QSopt_ex 2.5.10.3"
| #define PACKAGE_BUGREPORT "https://github.com/jonls/qsopt-ex/issues"
| #define PACKAGE_URL ""
| #define PACKAGE "qsopt_ex"
| #define VERSION "2.5.10.3"
| #define HAVE_STDIO_H 1
| #define HAVE_STDLIB_H 1
| #define HAVE_STRING_H 1
| #define HAVE_INTTYPES_H 1
| #define HAVE_STDINT_H 1
| #define HAVE_STRINGS_H 1
| #define HAVE_SYS_STAT_H 1
| #define HAVE_SYS_TYPES_H 1
| #define HAVE_UNISTD_H 1
| #define HAVE_WCHAR_H 1
| #define HAVE_SYS_TIME_H 1
| #define STDC_HEADERS 1
| #define _ALL_SOURCE 1
| #define _DARWIN_C_SOURCE 1
| #define _GNU_SOURCE 1
| #define _HPUX_ALT_XOPEN_SOCKET_API 1
| #define _NETBSD_SOURCE 1
| #define _OPENBSD_SOURCE 1
| #define _POSIX_PTHREAD_SEMANTICS 1
| #define __STDC_WANT_IEC_60559_ATTRIBS_EXT__ 1
| #define __STDC_WANT_IEC_60559_BFP_EXT__ 1
| #define __STDC_WANT_IEC_60559_DFP_EXT__ 1
| #define __STDC_WANT_IEC_60559_EXT__ 1
| #define __STDC_WANT_IEC_60559_FUNCS_EXT__ 1
| #define __STDC_WANT_IEC_60559_TYPES_EXT__ 1
| #define __STDC_WANT_LIB_EXT2__ 1
| #define __STDC_WANT_MATH_SPEC_FUNCS__ 1
| #define _TANDEM_SOURCE 1
| #define __EXTENSIONS__ 1
| #define HAVE_DLFCN_H 1
| #define LT_OBJDIR ".libs/"
| #define DEBUG 1
| #define VERBOSE_LEVEL 100
| #define HAVE_LIBZ 1
| #define HAVE_LIBBZ2 1
| #define HAVE_LIBPTHREAD 1
| #define TIME_WITH_SYS_TIME 1
| #define HAVE_ERRNO_H 1
| #define HAVE_FLOAT_H 1
| #define HAVE_GETOPT_H 1
| #define HAVE_INTTYPES_H 1
| #define HAVE_LIMITS_H 1
| #define HAVE_MATH_H 1
| #define HAVE_SETJMP_H 1
| #define HAVE_SIGNAL_H 1
| #define HAVE_STDARG_H 1
| #define HAVE_STDINT_H 1
| #define HAVE_STDIO_H 1
| #define HAVE_STRING_H 1
| #define HAVE_SYS_PARAM_H 1
| #define HAVE_SYS_RESOURCE_H 1
| #define HAVE_SYS_TIME_H 1
| #define HAVE_SYS_TIMES_H 1
| #define HAVE_SYS_UTSNAME_H 1
| #define HAVE_UNISTD_H 1
| #define HAVE_TYPEOF 1
| #define RETSIGTYPE void
| /* end confdefs.h.  */
| #include <stddef.h>
| #ifdef HAVE_STDIO_H
| # include <stdio.h>
| #endif
| #ifdef HAVE_STDLIB_H
| # include <stdlib.h>
| #endif
| #ifdef HAVE_STRING_H
| # include <string.h>
| #endif
| #ifdef HAVE_INTTYPES_H
| # include <inttypes.h>
| #endif
| #ifdef HAVE_STDINT_H
| # include <stdint.h>
| #endif
| #ifdef HAVE_STRINGS_H
| # include <strings.h>
| #endif
| #ifdef HAVE_SYS_TYPES_H
| # include <sys/types.h>
| #endif
| #ifdef HAVE_SYS_STAT_H
| # include <sys/stat.h>
| #endif
| #ifdef HAVE_UNISTD_H
| # include <unistd.h>
| #endif
| int
| main (void)
| {
| if (sizeof ((ssize_t)))
| 	    return 0;
|   ;
|   return 0;
| }
configure:15867: result: yes
configure:15878: checking for uint16_t
configure:15878: gcc -c -g -O2  conftest.c >&5
configure:15878: $? = 0
configure:15878: result: yes
configure:15888: checking for uint32_t
configure:15888: gcc -c -g -O2  conftest.c >&5
configure:15888: $? = 0
configure:15888: result: yes
configure:15900: checking for uint64_t
configure:15900: gcc -c -g -O2  conftest.c >&5
configure:15900: $? = 0
configure:15900: result: yes
configure:15912: checking for uint8_t
configure:15912: gcc -c -g -O2  conftest.c >&5
configure:15912: $? = 0
configure:15912: result: yes
configure:15926: checking for GNU libc compatible malloc
configure:15958: gcc -o conftest.exe -g -O2   conftest.c -lpthread -lbz2 -lz  >&5
configure:15958: $? = 0
configure:15958: ./conftest.exe
configure:15958: $? = 0
configure:15972: result: yes
configure:15995: checking for working memcmp
configure:16040: gcc -o conftest.exe -g -O2   conftest.c -lpthread -lbz2 -lz  >&5
configure:16040: $? = 0
configure:16040: ./conftest.exe
configure:16040: $? = 0
configure:16054: result: yes
configure:16063: checking for GNU libc compatible realloc
configure:16095: gcc -o conftest.exe -g -O2   conftest.c -lpthread -lbz2 -lz  >&5
configure:16095: $? = 0
configure:16095: ./conftest.exe
configure:16095: $? = 0
configure:16109: result: yes
configure:16132: checking for working strtod
configure:16172: gcc -o conftest.exe -g -O2   conftest.c -lpthread -lbz2 -lz  >&5
configure:16172: $? = 0
configure:16172: ./conftest.exe
configure:16172: $? = 0
configure:16186: result: yes
configure:16262: checking for vprintf
configure:16262: gcc -o conftest.exe -g -O2   conftest.c -lpthread -lbz2 -lz  >&5
conftest.c:86:6: warning: conflicting types for built-in function 'vprintf'; expected 'int(const char *, char *)' [-Wbuiltin-declaration-mismatch]
   86 | char vprintf (void);
      |      ^~~~~~~
conftest.c:78:1: note: 'vprintf' is declared in header '<stdio.h>'
   77 | #include <limits.h>
   78 | #undef vprintf
configure:16262: $? = 0
configure:16262: result: yes
configure:16283: checking for floor
configure:16283: gcc -o conftest.exe -g -O2   conftest.c -lpthread -lbz2 -lz  >&5
conftest.c:87:6: warning: conflicting types for built-in function 'floor'; expected 'double(double)' [-Wbuiltin-declaration-mismatch]
   87 | char floor (void);
      |      ^~~~~
conftest.c:79:1: note: 'floor' is declared in header '<math.h>'
   78 | #include <limits.h>
   79 | #undef floor
configure:16283: $? = 0
configure:16283: result: yes
configure:16289: checking for memset
configure:16289: gcc -o conftest.exe -g -O2   conftest.c -lpthread -lbz2 -lz  >&5
conftest.c:88:6: warning: conflicting types for built-in function 'memset'; expected 'void *(void *, int,  long unsigned int)' [-Wbuiltin-declaration-mismatch]
   88 | char memset (void);
      |      ^~~~~~
conftest.c:80:1: note: 'memset' is declared in header '<string.h>'
   79 | #include <limits.h>
   80 | #undef memset
configure:16289: $? = 0
configure:16289: result: yes
configure:16295: checking for pow
configure:16295: gcc -o conftest.exe -g -O2   conftest.c -lpthread -lbz2 -lz  >&5
conftest.c:89:6: warning: conflicting types for built-in function 'pow'; expected 'double(double,  double)' [-Wbuiltin-declaration-mismatch]
   89 | char pow (void);
      |      ^~~
conftest.c:81:1: note: 'pow' is declared in header '<math.h>'
   80 | #include <limits.h>
   81 | #undef pow
configure:16295: $? = 0
configure:16295: result: yes
configure:16301: checking for sqrt
configure:16301: gcc -o conftest.exe -g -O2   conftest.c -lpthread -lbz2 -lz  >&5
conftest.c:90:6: warning: conflicting types for built-in function 'sqrt'; expected 'double(double)' [-Wbuiltin-declaration-mismatch]
   90 | char sqrt (void);
      |      ^~~~
conftest.c:82:1: note: 'sqrt' is declared in header '<math.h>'
   81 | #include <limits.h>
   82 | #undef sqrt
configure:16301: $? = 0
configure:16301: result: yes
configure:16307: checking for strdup
configure:16307: gcc -o conftest.exe -g -O2   conftest.c -lpthread -lbz2 -lz  >&5
conftest.c:91:6: warning: conflicting types for built-in function 'strdup'; expected 'char *(const char *)' [-Wbuiltin-declaration-mismatch]
   91 | char strdup (void);
      |      ^~~~~~
configure:16307: $? = 0
configure:16307: result: yes
configure:16313: checking for strerror
configure:16313: gcc -o conftest.exe -g -O2   conftest.c -lpthread -lbz2 -lz  >&5
configure:16313: $? = 0
configure:16313: result: yes
configure:16319: checking for uname
configure:16319: gcc -o conftest.exe -g -O2   conftest.c -lpthread -lbz2 -lz  >&5
configure:16319: $? = 0
configure:16319: result: yes
configure:16325: checking for posix_memalign
configure:16325: gcc -o conftest.exe -g -O2   conftest.c -lpthread -lbz2 -lz  >&5
conftest.c:94:6: warning: conflicting types for built-in function 'posix_memalign'; expected 'int(void **, long unsigned int,  long unsigned int)' [-Wbuiltin-declaration-mismatch]
   94 | char posix_memalign (void);
      |      ^~~~~~~~~~~~~~
configure:16325: $? = 0
configure:16325: result: yes
configure:16331: checking for sleep
configure:16331: gcc -o conftest.exe -g -O2   conftest.c -lpthread -lbz2 -lz  >&5
configure:16331: $? = 0
configure:16331: result: yes
configure:16337: checking for getrusage
configure:16337: gcc -o conftest.exe -g -O2   conftest.c -lpthread -lbz2 -lz  >&5
configure:16337: $? = 0
configure:16337: result: yes
configure:16343: checking for times
configure:16343: gcc -o conftest.exe -g -O2   conftest.c -lpthread -lbz2 -lz  >&5
configure:16343: $? = 0
configure:16343: result: yes
configure:16349: checking for clock
configure:16349: gcc -o conftest.exe -g -O2   conftest.c -lpthread -lbz2 -lz  >&5
configure:16349: $? = 0
configure:16349: result: yes
configure:16355: checking for sigaction
configure:16355: gcc -o conftest.exe -g -O2   conftest.c -lpthread -lbz2 -lz  >&5
configure:16355: $? = 0
configure:16355: result: yes
configure:16361: checking for signal
configure:16361: gcc -o conftest.exe -g -O2   conftest.c -lpthread -lbz2 -lz  >&5
configure:16361: $? = 0
configure:16361: result: yes
configure:16473: checking that generated files are newer than configure
configure:16479: result: done
configure:16518: creating ./config.status

## ---------------------- ##
## Running config.status. ##
## ---------------------- ##

This file was extended by QSopt_ex config.status 2.5.10.3, which was
generated by GNU Autoconf 2.72.  Invocation command line was

  CONFIG_FILES    = 
  CONFIG_HEADERS  = 
  CONFIG_LINKS    = 
  CONFIG_COMMANDS = 
  $ ./config.status 

on Mason

config.status:1167: creating Makefile
config.status:1167: creating config.h
config.status:1381: executing depfiles commands
config.status:1458: cd .       && sed -e '/# am--include-marker/d' Makefile         | make -f - am--depfiles
config.status:1463: $? = 0
config.status:1381: executing libtool commands

## ---------------- ##
## Cache variables. ##
## ---------------- ##

ac_cv_build=x86_64-pc-cygwin
ac_cv_c_compiler_gnu=yes
ac_cv_c_const=yes
ac_cv_c_int16_t=yes
ac_cv_c_int32_t=yes
ac_cv_c_int64_t=yes
ac_cv_c_int8_t=yes
ac_cv_c_typeof=typeof
ac_cv_c_uint16_t=yes
ac_cv_c_uint32_t=yes
ac_cv_c_uint64_t=yes
ac_cv_c_uint8_t=yes
ac_cv_env_CC_set=
ac_cv_env_CC_value=
ac_cv_env_CFLAGS_set=
ac_cv_env_CFLAGS_value=
ac_cv_env_CPPFLAGS_set=
ac_cv_env_CPPFLAGS_value=
ac_cv_env_GMP_CFLAGS_set=
ac_cv_env_GMP_CFLAGS_value=
ac_cv_env_GMP_LIBS_set=
ac_cv_env_GMP_LIBS_value=
ac_cv_env_LDFLAGS_set=
ac_cv_env_LDFLAGS_value=
ac_cv_env_LIBS_set=
ac_cv_env_LIBS_value=
ac_cv_env_LT_SYS_LIBRARY_PATH_set=
ac_cv_env_LT_SYS_LIBRARY_PATH_value=
ac_cv_env_build_alias_set=
ac_cv_env_build_alias_value=
ac_cv_env_host_alias_set=
ac_cv_env_host_alias_value=
ac_cv_env_target_alias_set=
ac_cv_env_target_alias_value=
ac_cv_exeext=.exe
ac_cv_func_clock=yes
ac_cv_func_floor=yes
ac_cv_func_getrusage=yes
ac_cv_func_malloc_0_nonnull=yes
ac_cv_func_memcmp_working=yes
ac_cv_func_memset=yes
ac_cv_func_posix_memalign=yes
ac_cv_func_pow=yes
ac_cv_func_realloc_0_nonnull=yes
ac_cv_func_sigaction=yes
ac_cv_func_signal=yes
ac_cv_func_sleep=yes
ac_cv_func_sqrt=yes
ac_cv_func_strdup=yes
ac_cv_func_strerror=yes
ac_cv_func_strtod=yes
ac_cv_func_times=yes
ac_cv_func_uname=yes
ac_cv_func_vprintf=yes
ac_cv_header_dlfcn_h=yes
ac_cv_header_errno_h=yes
ac_cv_header_float_h=yes
ac_cv_header_getopt_h=yes
ac_cv_header_inttypes_h=yes
ac_cv_header_limits_h=yes
ac_cv_header_math_h=yes
ac_cv_header_minix_config_h=no
ac_cv_header_setjmp_h=yes
ac_cv_header_signal_h=yes
ac_cv_header_stdarg_h=yes
ac_cv_header_stdint_h=yes
ac_cv_header_stdio_h=yes
ac_cv_header_stdlib_h=yes
ac_cv_header_string_h=yes
ac_cv_header_strings_h=yes
ac_cv_header_sys_param_h=yes
ac_cv_header_sys_resource_h=yes
ac_cv_header_sys_stat_h=yes
ac_cv_header_sys_time_h=yes
ac_cv_header_sys_times_h=yes
ac_cv_header_sys_types_h=yes
ac_cv_header_sys_utsname_h=yes
ac_cv_header_unistd_h=yes
ac_cv_header_wchar_h=yes
ac_cv_host=x86_64-pc-cygwin
ac_cv_lib_bz2_BZ2_bzopen=yes
ac_cv_lib_gmp___gmpz_init=yes
ac_cv_lib_pthread_pthread_mutex_lock=yes
ac_cv_lib_z_gzopen=yes
ac_cv_objext=o
ac_cv_path_EGREP='/usr/bin/grep -E'
ac_cv_path_EGREP_TRADITIONAL='/usr/bin/grep -E'
ac_cv_path_FGREP='/usr/bin/grep -F'
ac_cv_path_GREP=/usr/bin/grep
ac_cv_path_SED=/usr/bin/sed
ac_cv_path_install='/usr/bin/install -c'
ac_cv_path_lt_DD=/usr/bin/dd
ac_cv_path_mkdir=/usr/bin/mkdir
ac_cv_prog_AWK=gawk
ac_cv_prog_FILECMD=file
ac_cv_prog_ac_ct_AR=ar
ac_cv_prog_ac_ct_CC=gcc
ac_cv_prog_ac_ct_DLLTOOL=dlltool
ac_cv_prog_ac_ct_OBJDUMP=objdump
ac_cv_prog_ac_ct_RANLIB=ranlib
ac_cv_prog_ac_ct_STRIP=strip
ac_cv_prog_cc_c11=
ac_cv_prog_cc_g=yes
ac_cv_prog_cc_stdc=
ac_cv_prog_make_make_set=yes
ac_cv_safe_to_define___extensions__=yes
ac_cv_search_pow='none required'
ac_cv_should_define__xopen_source=no
ac_cv_type_signal=void
ac_cv_type_size_t=yes
ac_cv_type_ssize_t=yes
am_cv_CC_dependencies_compiler_type=gcc3
am_cv_filesystem_timestamp_resolution=0.01
am_cv_make_support_nested_variables=yes
am_cv_prog_cc_c_o=yes
am_cv_prog_tar_ustar=gnutar
am_cv_sleep_fractional_seconds=yes
am_cv_xargs_n_works=yes
lt_cv_ar_at_file=@
lt_cv_archive_cmds_need_lc=yes
lt_cv_deplibs_check_method='file_magic ^x86 archive import|^x86 DLL'
lt_cv_file_magic_cmd=func_win32_libid
lt_cv_file_magic_test_file=
lt_cv_ld_reload_flag=-r
lt_cv_nm_interface='BSD nm'
lt_cv_objdir=.libs
lt_cv_path_LD=/usr/x86_64-pc-cygwin/bin/ld.exe
lt_cv_path_NM='/usr/bin/nm -B'
lt_cv_path_manifest_tool=no
lt_cv_prog_compiler_c_o=yes
lt_cv_prog_compiler_pic='-DDLL_EXPORT -DPIC'
lt_cv_prog_compiler_pic_works=yes
lt_cv_prog_compiler_rtti_exceptions=no
lt_cv_prog_compiler_static_works=yes
lt_cv_prog_gnu_ld=yes
lt_cv_sharedlib_from_linklib_cmd=func_cygming_dll_for_implib
lt_cv_sys_global_symbol_pipe='/usr/bin/sed -n -e '\''s/^.*[	 ]\([ABCDGIRSTW][ABCDGIRSTW]*\)[	 ][	 ]*\([_A-Za-z][_A-Za-z0-9]*\)$/\1 \2 \2/p'\'' | /usr/bin/sed '\''/ __gnu_lto/d'\'''
lt_cv_sys_global_symbol_to_c_name_address='/usr/bin/sed -n -e '\''s/^: \(.*\) .*$/  {"\1", (void *) 0},/p'\'' -e '\''s/^[ABCDGIRSTW][ABCDGIRSTW]* .* \(.*\)$/  {"\1", (void *) \&\1},/p'\'''
lt_cv_sys_global_symbol_to_c_name_address_lib_prefix='/usr/bin/sed -n -e '\''s/^: \(.*\) .*$/  {"\1", (void *) 0},/p'\'' -e '\''s/^[ABCDGIRSTW][ABCDGIRSTW]* .* \(lib.*\)$/  {"\1", (void *) \&\1},/p'\'' -e '\''s/^[ABCDGIRSTW][ABCDGIRSTW]* .* \(.*\)$/  {"lib\1", (void *) \&\1},/p'\'''
lt_cv_sys_global_symbol_to_cdecl='/usr/bin/sed -n -e '\''s/^T .* \(.*\)$/extern int \1();/p'\'' -e '\''s/^[ABCDGIRSTW][ABCDGIRSTW]* .* \(.*\)$/extern char \1;/p'\'''
lt_cv_sys_global_symbol_to_import=
lt_cv_sys_max_cmd_len=8192
lt_cv_to_host_file_cmd=func_convert_file_noop
lt_cv_to_tool_file_cmd=func_convert_file_noop
lt_cv_truncate_bin='/usr/bin/dd bs=4096 count=1'

## ----------------- ##
## Output variables. ##
## ----------------- ##

ACLOCAL='${SHELL} '\''/home/mason/Tqsopt-ex/missing'\'' aclocal-1.18'
AMDEPBACKSLASH='\'
AMDEP_FALSE='#'
AMDEP_TRUE=''
AMTAR='$${TAR-tar}'
AM_BACKSLASH='\'
AM_DEFAULT_V='$(AM_DEFAULT_VERBOSITY)'
AM_DEFAULT_VERBOSITY='0'
AM_V='$(V)'
AR='ar'
AUTOCONF='${SHELL} '\''/home/mason/Tqsopt-ex/missing'\'' autoconf'
AUTOHEADER='${SHELL} '\''/home/mason/Tqsopt-ex/missing'\'' autoheader'
AUTOMAKE='${SHELL} '\''/home/mason/Tqsopt-ex/missing'\'' automake-1.18'
AWK='gawk'
CC='gcc'
CCDEPMODE='depmode=gcc3'
CFLAGS='-g -O2'
CPPFLAGS=''
CSCOPE='cscope'
CTAGS='ctags'
CYGPATH_W='cygpath -w'
DEFS='-DHAVE_CONFIG_H'
DEPDIR='.deps'
DLLTOOL='dlltool'
DSYMUTIL=''
DUMPBIN=''
ECHO_C=''
ECHO_N='-n'
ECHO_T=''
EGREP='/usr/bin/grep -E'
ENABLE_DEBUG='1'
ETAGS='etags'
EXEEXT='.exe'
FGREP='/usr/bin/grep -F'
FILECMD='file'
GMP_CFLAGS=''
GMP_LIBS='-lgmp'
GREP='/usr/bin/grep'
INSTALL_DATA='${INSTALL} -m 644'
INSTALL_PROGRAM='${INSTALL}'
INSTALL_SCRIPT='${INSTALL}'
INSTALL_STRIP_PROGRAM='$(install_sh) -c -s'
LD='/usr/x86_64-pc-cygwin/bin/ld.exe'
LDFLAGS=''
LIBOBJS=''
LIBS='-lpthread -lbz2 -lz '
LIBTOOL='$(SHELL) $(top_builddir)/libtool'
LIPO=''
LN_S='ln -s'
LTLIBOBJS=''
LT_SYS_LIBRARY_PATH=''
LT_VERSION_INFO='3:0:1'
MAKEINFO='${SHELL} '\''/home/mason/Tqsopt-ex/missing'\'' makeinfo'
MANIFEST_TOOL=':'
MKDIR_P='/usr/bin/mkdir -p'
NM='/usr/bin/nm -B'
NMEDIT=''
OBJDUMP='objdump'
OBJEXT='o'
OTOOL64=''
OTOOL=''
PACKAGE='qsopt_ex'
PACKAGE_BUGREPORT='https://github.com/jonls/qsopt-ex/issues'
PACKAGE_NAME='QSopt_ex'
PACKAGE_STRING='QSopt_ex 2.5.10.3'
PACKAGE_TARNAME='qsopt_ex'
PACKAGE_URL=''
PACKAGE_VERSION='2.5.10.3'
PATH_SEPARATOR=':'
POW_LIB=''
RANLIB='ranlib'
SED='/usr/bin/sed'
SET_MAKE=''
SHELL='/bin/sh'
STRIP='strip'
VERSION='2.5.10.3'
ac_ct_AR='ar'
ac_ct_CC='gcc'
ac_ct_DUMPBIN=''
am__EXEEXT_FALSE='#'
am__EXEEXT_TRUE=''
am__fastdepCC_FALSE='#'
am__fastdepCC_TRUE=''
am__include='include'
am__isrc=' -I$(srcdir)'
am__leading_dot='.'
am__nodep='_no'
am__quote=''
am__rm_f_notfound=''
am__tar='tar --format=ustar -chf - "$$tardir"'
am__untar='tar -xf -'
am__xargs_n='xargs -n'
bindir='${exec_prefix}/bin'
build='x86_64-pc-cygwin'
build_alias=''
build_cpu='x86_64'
build_os='cygwin'
build_vendor='pc'
datadir='${datarootdir}'
datarootdir='${prefix}/share'
docdir='${datarootdir}/doc/${PACKAGE_TARNAME}'
dvidir='${docdir}'
exec_prefix='${prefix}'
host='x86_64-pc-cygwin'
host_alias=''
host_cpu='x86_64'
host_os='cygwin'
host_vendor='pc'
htmldir='${docdir}'
includedir='${prefix}/include'
infodir='${datarootdir}/info'
install_sh='${SHELL} /home/mason/Tqsopt-ex/install-sh'
libdir='${exec_prefix}/lib'
libexecdir='${exec_prefix}/libexec'
localedir='${datarootdir}/locale'
localstatedir='${prefix}/var'
mandir='${datarootdir}/man'
mkdir_p='$(MKDIR_P)'
oldincludedir='/usr/include'
pdfdir='${docdir}'
prefix='/usr/local'
program_transform_name='s,x,x,'
psdir='${docdir}'
runstatedir='${localstatedir}/run'
sbindir='${exec_prefix}/sbin'
sharedstatedir='${prefix}/com'
sysconfdir='${prefix}/etc'
target_alias=''

## ----------- ##
## confdefs.h. ##
## ----------- ##

/* confdefs.h */
#define PACKAGE_NAME "QSopt_ex"
#define PACKAGE_TARNAME "qsopt_ex"
#define PACKAGE_VERSION "2.5.10.3"
#define PACKAGE_STRING "QSopt_ex 2.5.10.3"
#define PACKAGE_BUGREPORT "https://github.com/jonls/qsopt-ex/issues"
#define PACKAGE_URL ""
#define PACKAGE "qsopt_ex"
#define VERSION "2.5.10.3"
#define HAVE_STDIO_H 1
#define HAVE_STDLIB_H 1
#define HAVE_STRING_H 1
#define HAVE_INTTYPES_H 1
#define HAVE_STDINT_H 1
#define HAVE_STRINGS_H 1
#define HAVE_SYS_STAT_H 1
#define HAVE_SYS_TYPES_H 1
#define HAVE_UNISTD_H 1
#define HAVE_WCHAR_H 1
#define HAVE_SYS_TIME_H 1
#define STDC_HEADERS 1
#define _ALL_SOURCE 1
#define _DARWIN_C_SOURCE 1
#define _GNU_SOURCE 1
#define _HPUX_ALT_XOPEN_SOCKET_API 1
#define _NETBSD_SOURCE 1
#define _OPENBSD_SOURCE 1
#define _POSIX_PTHREAD_SEMANTICS 1
#define __STDC_WANT_IEC_60559_ATTRIBS_EXT__ 1
#define __STDC_WANT_IEC_60559_BFP_EXT__ 1
#define __STDC_WANT_IEC_60559_DFP_EXT__ 1
#define __STDC_WANT_IEC_60559_EXT__ 1
#define __STDC_WANT_IEC_60559_FUNCS_EXT__ 1
#define __STDC_WANT_IEC_60559_TYPES_EXT__ 1
#define __STDC_WANT_LIB_EXT2__ 1
#define __STDC_WANT_MATH_SPEC_FUNCS__ 1
#define _TANDEM_SOURCE 1
#define __EXTENSIONS__ 1
#define HAVE_DLFCN_H 1
#define LT_OBJDIR ".libs/"
#define DEBUG 1
#define VERBOSE_LEVEL 100
#define HAVE_LIBZ 1
#define HAVE_LIBBZ2 1
#define HAVE_LIBPTHREAD 1
#define TIME_WITH_SYS_TIME 1
#define HAVE_ERRNO_H 1
#define HAVE_FLOAT_H 1
#define HAVE_GETOPT_H 1
#define HAVE_INTTYPES_H 1
#define HAVE_LIMITS_H 1
#define HAVE_MATH_H 1
#define HAVE_SETJMP_H 1
#define HAVE_SIGNAL_H 1
#define HAVE_STDARG_H 1
#define HAVE_STDINT_H 1
#define HAVE_STDIO_H 1
#define HAVE_STRING_H 1
#define HAVE_SYS_PARAM_H 1
#define HAVE_SYS_RESOURCE_H 1
#define HAVE_SYS_TIME_H 1
#define HAVE_SYS_TIMES_H 1
#define HAVE_SYS_UTSNAME_H 1
#define HAVE_UNISTD_H 1
#define HAVE_TYPEOF 1
#define RETSIGTYPE void
#define HAVE_MALLOC 1
#define HAVE_REALLOC 1
#define HAVE_VPRINTF 1
#define HAVE_FLOOR 1
#define HAVE_MEMSET 1
#define HAVE_POW 1
#define HAVE_SQRT 1
#define HAVE_STRDUP 1
#define HAVE_STRERROR 1
#define HAVE_UNAME 1
#define HAVE_POSIX_MEMALIGN 1
#define HAVE_SLEEP 1
#define HAVE_GETRUSAGE 1
#define HAVE_TIMES 1
#define HAVE_CLOCK 1
#define HAVE_SIGACTION 1
#define HAVE_SIGNAL 1

configure: exit 0
